<?xml version="1.0" encoding="UTF-8"?>
<testng-results ignored="0" total="1" passed="1" failed="0" skipped="0">
  <reporter-output>
  </reporter-output>
  <suite started-at="2023-04-25T15:53:04 IST" name="Default suite" finished-at="2023-04-25T15:53:10 IST" duration-ms="5624">
    <groups>
    </groups>
    <test started-at="2023-04-25T15:53:04 IST" name="Default test" finished-at="2023-04-25T15:53:10 IST" duration-ms="5624">
      <class name="org.rahulshettyacademy.ExtentReport.ExtentsReport">
        <test-method is-config="true" signature="config()[pri:0, instance:org.rahulshettyacademy.ExtentReport.ExtentsReport@36916eb0]" started-at="2023-04-25T15:53:04 IST" name="config" finished-at="2023-04-25T15:53:04 IST" duration-ms="178" status="PASS">
          <reporter-output>
          </reporter-output>
        </test-method> <!-- config -->
        <test-method signature="initialDemo()[pri:0, instance:org.rahulshettyacademy.ExtentReport.ExtentsReport@36916eb0]" started-at="2023-04-25T15:53:04 IST" name="initialDemo" finished-at="2023-04-25T15:53:10 IST" duration-ms="5407" status="PASS">
          <reporter-output>
          </reporter-output>
        </test-method> <!-- initialDemo -->
      </class> <!-- org.rahulshettyacademy.ExtentReport.ExtentsReport -->
    </test> <!-- Default test -->
  </suite> <!-- Default suite -->
</testng-results>
